<?xml version="1.0" encoding="UTF-8"?>
<testsuite xmlns:xsi="http://www.w3.org/2001/XMLSchema-instance" xsi:noNamespaceSchemaLocation="https://maven.apache.org/surefire/maven-surefire-plugin/xsd/surefire-test-report.xsd" name="st.evora.engenharia.UserControllerTest" time="6.251" tests="1" errors="0" skipped="0" failures="1">
  <properties>
[...]
</properties>
  <testcase name="testExportPdf" classname="st.evora.engenharia.UserControllerTest" time="0.212">
    <failure message="Status expected:&lt;200&gt; but was:&lt;302&gt;" type="java.lang.AssertionError"><![CDATA[java.lang.AssertionError: Status expected:<200> but was:<302>
	at st.evora.engenharia.UserControllerTest.testExportPdf(UserControllerTest.java:54)
]]></failure>
    <system-out><![CDATA[13:20:24.095 [main] DEBUG org.springframework.test.context.BootstrapUtils - Instantiating CacheAwareContextLoaderDelegate from class [org.springframework.test.context.cache.DefaultCacheAwareContextLoaderDelegate]
13:20:24.110 [main] DEBUG org.springframework.test.context.BootstrapUtils - Instantiating BootstrapContext using constructor [public org.springframework.test.context.support.DefaultBootstrapContext(java.lang.Class,org.springframework.test.context.CacheAwareContextLoaderDelegate)]
13:20:24.175 [main] DEBUG org.springframework.test.context.BootstrapUtils - Instantiating TestContextBootstrapper for test class [st.evora.engenharia.UserControllerTest] from class [org.springframework.boot.test.autoconfigure.web.servlet.WebMvcTestContextBootstrapper]
13:20:24.192 [main] INFO org.springframework.boot.test.autoconfigure.web.servlet.WebMvcTestContextBootstrapper - Neither @ContextConfiguration nor @ContextHierarchy found for test class [st.evora.engenharia.UserControllerTest], using SpringBootContextLoader
13:20:24.197 [main] DEBUG org.springframework.test.context.support.AbstractContextLoader - Did not detect default resource location for test class [st.evora.engenharia.UserControllerTest]: class path resource [st/evora/engenharia/UserControllerTest-context.xml] does not exist
13:20:24.197 [main] DEBUG org.springframework.test.context.support.AbstractContextLoader - Did not detect default resource location for test class [st.evora.engenharia.UserControllerTest]: class path resource [st/evora/engenharia/UserControllerTestContext.groovy] does not exist
13:20:24.197 [main] INFO org.springframework.test.context.support.AbstractContextLoader - Could not detect default resource locations for test class [st.evora.engenharia.UserControllerTest]: no resource found for suffixes {-context.xml, Context.groovy}.
13:20:24.198 [main] INFO org.springframework.test.context.support.AnnotationConfigContextLoaderUtils - Could not detect default configuration classes for test class [st.evora.engenharia.UserControllerTest]: UserControllerTest does not declare any static, non-private, non-final, nested classes annotated with @Configuration.
13:20:24.347 [main] DEBUG org.springframework.test.context.support.ActiveProfilesUtils - Could not find an 'annotation declaring class' for annotation type [org.springframework.test.context.ActiveProfiles] and class [st.evora.engenharia.UserControllerTest]
13:20:24.436 [main] DEBUG org.springframework.context.annotation.ClassPathScanningCandidateComponentProvider - Identified candidate component class: file [/Users/apple/Documents/workspace-spring-tool-suite-4-4.14.0.RELEASE/geometerWebAPI/target/classes/st/evora/engenharia/GeometerRestapiApplication.class]
13:20:24.444 [main] INFO org.springframework.boot.test.context.SpringBootTestContextBootstrapper - Found @SpringBootConfiguration st.evora.engenharia.GeometerRestapiApplication for test class st.evora.engenharia.UserControllerTest
13:20:24.448 [main] DEBUG org.springframework.boot.test.autoconfigure.web.servlet.WebMvcTestContextBootstrapper - @TestExecutionListeners is not present for class [st.evora.engenharia.UserControllerTest]: using defaults.
13:20:24.450 [main] INFO org.springframework.boot.test.autoconfigure.web.servlet.WebMvcTestContextBootstrapper - Loaded default TestExecutionListener class names from location [META-INF/spring.factories]: [org.springframework.boot.test.mock.mockito.MockitoTestExecutionListener, org.springframework.boot.test.mock.mockito.ResetMocksTestExecutionListener, org.springframework.boot.test.autoconfigure.restdocs.RestDocsTestExecutionListener, org.springframework.boot.test.autoconfigure.web.client.MockRestServiceServerResetTestExecutionListener, org.springframework.boot.test.autoconfigure.web.servlet.MockMvcPrintOnlyOnFailureTestExecutionListener, org.springframework.boot.test.autoconfigure.web.servlet.WebDriverTestExecutionListener, org.springframework.boot.test.autoconfigure.webservices.client.MockWebServiceServerTestExecutionListener, org.springframework.test.context.web.ServletTestExecutionListener, org.springframework.test.context.support.DirtiesContextBeforeModesTestExecutionListener, org.springframework.test.context.event.ApplicationEventsTestExecutionListener, org.springframework.test.context.support.DependencyInjectionTestExecutionListener, org.springframework.test.context.support.DirtiesContextTestExecutionListener, org.springframework.test.context.transaction.TransactionalTestExecutionListener, org.springframework.test.context.jdbc.SqlScriptsTestExecutionListener, org.springframework.test.context.event.EventPublishingTestExecutionListener, org.springframework.security.test.context.support.WithSecurityContextTestExecutionListener, org.springframework.security.test.context.support.ReactorContextTestExecutionListener]
13:20:24.490 [main] INFO org.springframework.boot.test.autoconfigure.web.servlet.WebMvcTestContextBootstrapper - Using TestExecutionListeners: [org.springframework.test.context.web.ServletTestExecutionListener@54422e18, org.springframework.test.context.support.DirtiesContextBeforeModesTestExecutionListener@117159c0, org.springframework.test.context.event.ApplicationEventsTestExecutionListener@3e27ba32, org.springframework.boot.test.mock.mockito.MockitoTestExecutionListener@7ef82753, org.springframework.boot.test.autoconfigure.SpringBootDependencyInjectionTestExecutionListener@3b0fe47a, org.springframework.test.context.support.DirtiesContextTestExecutionListener@202b0582, org.springframework.test.context.transaction.TransactionalTestExecutionListener@235ecd9f, org.springframework.test.context.jdbc.SqlScriptsTestExecutionListener@1ca3b418, org.springframework.test.context.event.EventPublishingTestExecutionListener@58cbafc2, org.springframework.security.test.context.support.WithSecurityContextTestExecutionListener@2034b64c, org.springframework.security.test.context.support.ReactorContextTestExecutionListener@75d3a5e0, org.springframework.boot.test.mock.mockito.ResetMocksTestExecutionListener@74d1dc36, org.springframework.boot.test.autoconfigure.restdocs.RestDocsTestExecutionListener@7161d8d1, org.springframework.boot.test.autoconfigure.web.client.MockRestServiceServerResetTestExecutionListener@74e28667, org.springframework.boot.test.autoconfigure.web.servlet.MockMvcPrintOnlyOnFailureTestExecutionListener@1cf6d1be, org.springframework.boot.test.autoconfigure.web.servlet.WebDriverTestExecutionListener@663c9e7a, org.springframework.boot.test.autoconfigure.webservices.client.MockWebServiceServerTestExecutionListener@19e4653c]
13:20:24.497 [main] DEBUG org.springframework.test.context.support.AbstractDirtiesContextTestExecutionListener - Before test class: context [DefaultTestContext@79e4c792 testClass = UserControllerTest, testInstance = [null], testMethod = [null], testException = [null], mergedContextConfiguration = [WebMergedContextConfiguration@196a42c3 testClass = UserControllerTest, locations = '{}', classes = '{class st.evora.engenharia.GeometerRestapiApplication}', contextInitializerClasses = '[]', activeProfiles = '{}', propertySourceLocations = '{}', propertySourceProperties = '{org.springframework.boot.test.autoconfigure.web.servlet.WebMvcTestContextBootstrapper=true}', contextCustomizers = set[[ImportsContextCustomizer@4c60d6e9 key = [org.springframework.boot.autoconfigure.cache.CacheAutoConfiguration, org.springframework.boot.autoconfigure.context.MessageSourceAutoConfiguration, org.springframework.boot.autoconfigure.data.web.SpringDataWebAutoConfiguration, org.springframework.boot.autoconfigure.freemarker.FreeMarkerAutoConfiguration, org.springframework.boot.autoconfigure.groovy.template.GroovyTemplateAutoConfiguration, org.springframework.boot.autoconfigure.gson.GsonAutoConfiguration, org.springframework.boot.autoconfigure.hateoas.HypermediaAutoConfiguration, org.springframework.boot.autoconfigure.http.HttpMessageConvertersAutoConfiguration, org.springframework.boot.autoconfigure.jackson.JacksonAutoConfiguration, org.springframework.boot.autoconfigure.jsonb.JsonbAutoConfiguration, org.springframework.boot.autoconfigure.mustache.MustacheAutoConfiguration, org.springframework.boot.autoconfigure.task.TaskExecutionAutoConfiguration, org.springframework.boot.autoconfigure.thymeleaf.ThymeleafAutoConfiguration, org.springframework.boot.autoconfigure.validation.ValidationAutoConfiguration, org.springframework.boot.autoconfigure.web.servlet.error.ErrorMvcAutoConfiguration, org.springframework.boot.autoconfigure.web.servlet.HttpEncodingAutoConfiguration, org.springframework.boot.autoconfigure.web.servlet.WebMvcAutoConfiguration, org.springframework.boot.test.autoconfigure.web.servlet.MockMvcAutoConfiguration, org.springframework.boot.test.autoconfigure.web.servlet.MockMvcWebClientAutoConfiguration, org.springframework.boot.test.autoconfigure.web.servlet.MockMvcWebDriverAutoConfiguration, org.springframework.boot.autoconfigure.security.oauth2.client.servlet.OAuth2ClientAutoConfiguration, org.springframework.boot.autoconfigure.security.oauth2.resource.servlet.OAuth2ResourceServerAutoConfiguration, org.springframework.boot.autoconfigure.security.servlet.SecurityAutoConfiguration, org.springframework.boot.autoconfigure.security.servlet.SecurityFilterAutoConfiguration, org.springframework.boot.autoconfigure.security.servlet.UserDetailsServiceAutoConfiguration, org.springframework.boot.test.autoconfigure.web.servlet.MockMvcSecurityConfiguration, org.springframework.boot.test.autoconfigure.web.reactive.WebTestClientAutoConfiguration]], org.springframework.boot.test.context.filter.ExcludeFilterContextCustomizer@5aebe890, org.springframework.boot.test.json.DuplicateJsonObjectContextCustomizerFactory$DuplicateJsonObjectContextCustomizer@75db5df9, org.springframework.boot.test.mock.mockito.MockitoContextCustomizer@d5b450c4, org.springframework.boot.test.autoconfigure.OverrideAutoConfigurationContextCustomizerFactory$DisableAutoConfigurationContextCustomizer@10d68fcd, org.springframework.boot.test.autoconfigure.actuate.metrics.MetricsExportContextCustomizerFactory$DisableMetricExportContextCustomizer@1ebd319f, org.springframework.boot.test.autoconfigure.filter.TypeExcludeFiltersContextCustomizer@279eefc3, org.springframework.boot.test.autoconfigure.properties.PropertyMappingContextCustomizer@d1f29a6c, org.springframework.boot.test.autoconfigure.web.servlet.WebDriverContextCustomizerFactory$Customizer@770d3326, org.springframework.boot.test.context.SpringBootTestArgs@1, org.springframework.boot.test.context.SpringBootTestWebEnvironment@0], resourceBasePath = 'src/main/webapp', contextLoader = 'org.springframework.boot.test.context.SpringBootContextLoader', parent = [null]], attributes = map[[empty]]], class annotated with @DirtiesContext [false] with mode [null].

  .   ____          _            __ _ _
 /\\ / ___'_ __ _ _(_)_ __  __ _ \ \ \ \
( ( )\___ | '_ | '_| | '_ \/ _` | \ \ \ \
 \\/  ___)| |_)| | | | | || (_| |  ) ) ) )
  '  |____| .__|_| |_|_| |_\__, | / / / /
 =========|_|==============|___/=/_/_/_/
 :: Spring Boot ::                (v2.6.4)

2023-02-18 13:20:25.255  INFO 1679 --- [           main] st.evora.engenharia.UserControllerTest   : Starting UserControllerTest using Java 1.8.0_111 on Apples-MacBook-Pro.local with PID 1679 (started by apple in /Users/apple/Documents/workspace-spring-tool-suite-4-4.14.0.RELEASE/geometerWebAPI)
2023-02-18 13:20:25.259  INFO 1679 --- [           main] st.evora.engenharia.UserControllerTest   : No active profile set, falling back to 1 default profile: "default"
2023-02-18 13:20:28.456  INFO 1679 --- [           main] o.s.s.web.DefaultSecurityFilterChain     : Will not secure any request
2023-02-18 13:20:29.924  INFO 1679 --- [           main] o.s.b.t.m.w.SpringBootMockServletContext : Initializing Spring TestDispatcherServlet ''
2023-02-18 13:20:29.924  INFO 1679 --- [           main] o.s.t.web.servlet.TestDispatcherServlet  : Initializing Servlet ''
2023-02-18 13:20:29.929  INFO 1679 --- [           main] o.s.t.web.servlet.TestDispatcherServlet  : Completed initialization in 4 ms
2023-02-18 13:20:30.002  INFO 1679 --- [           main] st.evora.engenharia.UserControllerTest   : Started UserControllerTest in 5.434 seconds (JVM running for 6.841)

MockHttpServletRequest:
      HTTP Method = GET
      Request URI = /users/users/export/pdf
       Parameters = {}
          Headers = []
             Body = null
    Session Attrs = {SPRING_SECURITY_SAVED_REQUEST=DefaultSavedRequest [http://localhost/users/users/export/pdf]}

Handler:
             Type = null

Async:
    Async started = false
     Async result = null

Resolved Exception:
             Type = null

ModelAndView:
        View name = null
             View = null
            Model = null

FlashMap:
       Attributes = null

MockHttpServletResponse:
           Status = 302
    Error message = null
          Headers = [Access-Control-Allow-Origin:"*", Access-Control-Allow-Methods:"DELETE, GET, OPTIONS, PATCH, POST, PUT", Access-Control-Max-Age:"3600", Access-Control-Allow-Headers:"x-requested-with, authorization, Content-Type, Authorization, credential, X-XSRF-TOKEN", X-Content-Type-Options:"nosniff", X-XSS-Protection:"1; mode=block", Cache-Control:"no-cache, no-store, max-age=0, must-revalidate", Pragma:"no-cache", Expires:"0", X-Frame-Options:"DENY", Location:"http://localhost/login"]
     Content type = null
             Body = 
    Forwarded URL = null
   Redirected URL = http://localhost/login
          Cookies = []
]]></system-out>
  </testcase>
</testsuite>